<?xml version="1.0" encoding="UTF-8"?>
<testng-results ignored="0" total="1" passed="1" failed="0" skipped="0">
  <reporter-output>
  </reporter-output>
  <suite started-at="2021-08-30T08:59:16 IST" name="Default suite" finished-at="2021-08-30T08:59:26 IST" duration-ms="10245">
    <groups>
    </groups>
    <test started-at="2021-08-30T08:59:16 IST" name="Default test" finished-at="2021-08-30T08:59:26 IST" duration-ms="10245">
      <class name="com.demoQA_Interactions.testscripts.Resizable_test">
        <test-method is-config="true" signature="open()[pri:0, instance:com.demoQA_Interactions.testscripts.Resizable_test@d4342c2]" started-at="2021-08-30T08:59:16 IST" name="open" finished-at="2021-08-30T08:59:24 IST" duration-ms="8542" status="PASS">
          <reporter-output>
          </reporter-output>
        </test-method> <!-- open -->
        <test-method signature="resize_test()[pri:0, instance:com.demoQA_Interactions.testscripts.Resizable_test@d4342c2]" started-at="2021-08-30T08:59:25 IST" name="resize_test" finished-at="2021-08-30T08:59:26 IST" duration-ms="1619" status="PASS">
          <reporter-output>
          </reporter-output>
        </test-method> <!-- resize_test -->
      </class> <!-- com.demoQA_Interactions.testscripts.Resizable_test -->
    </test> <!-- Default test -->
  </suite> <!-- Default suite -->
</testng-results>
